TN:
SF:server/storage.ts
FN:13,(anonymous_7)
FN:23,(anonymous_9)
FN:36,(anonymous_11)
FN:54,(anonymous_13)
FN:67,(anonymous_15)
FNF:5
FNH:4
FNDA:3,(anonymous_7)
FNDA:2,(anonymous_9)
FNDA:2,(anonymous_11)
FNDA:0,(anonymous_13)
FNDA:1,(anonymous_15)
DA:1,1
DA:2,1
DA:3,1
DA:12,1
DA:14,3
DA:15,3
DA:16,1
DA:18,2
DA:19,2
DA:24,2
DA:25,2
DA:29,2
DA:31,0
DA:32,0
DA:37,2
DA:38,2
DA:47,1
DA:49,1
DA:50,1
DA:55,0
DA:56,0
DA:60,0
DA:62,0
DA:63,0
DA:68,1
DA:69,1
DA:116,1
DA:117,0
DA:118,0
DA:121,1
DA:128,1
DA:129,1
LF:32
LH:23
BRDA:117,0,0,0
BRF:1
BRH:0
end_of_record
TN:
SF:shared/schema.ts
FN:15,(anonymous_0)
FNF:1
FNH:0
FNDA:0,(anonymous_0)
DA:1,1
DA:2,1
DA:5,1
DA:13,1
DA:15,0
DA:21,1
DA:22,1
LF:7
LH:6
BRF:0
BRH:0
end_of_record
